<?xml version="1.0" encoding="UTF-8"?>
<!-- Generated by org.testng.reporters.JUnitReportReporter -->
<testsuite skipped="0" hostname="DESKTOP-HNC9O5S" name="com.org.testng.PriorityClassRegression" tests="6" failures="0" timestamp="2020-08-06T17:55:49 IST" time="0.033" errors="0">
  <testcase name="t6" time="0.002" classname="com.org.testng.PriorityClassRegression"/>
  <system-out/>
  <testcase name="t4" time="0.003" classname="com.org.testng.PriorityClassRegression"/>
  <system-out/>
  <testcase name="t3" time="0.007" classname="com.org.testng.PriorityClassRegression"/>
  <system-out/>
  <testcase name="t1" time="0.015" classname="com.org.testng.PriorityClassRegression"/>
  <system-out/>
  <testcase name="t2" time="0.002" classname="com.org.testng.PriorityClassRegression"/>
  <system-out/>
  <testcase name="t5" time="0.004" classname="com.org.testng.PriorityClassRegression"/>
  <system-out/>
</testsuite> <!-- com.org.testng.PriorityClassRegression -->
